
   INFO  Server running on [http://0.0.0.0:8000].  

  Press Ctrl+C to stop the server

  2025-09-30 07:01:35 ................................................... ~ 1s
  2025-09-30 07:01:42 ................................................... ~ 0s
  2025-09-30 07:01:43 ................................................... ~ 0s
  2025-09-30 07:01:44 ................................................... ~ 1s
  2025-09-30 07:01:46 ................................................... ~ 0s
  2025-09-30 07:14:28 ................................................... ~ 0s
  2025-09-30 07:14:28 /favicon.ico ...................................... ~ 1s
  2025-09-30 07:14:30 /sw.js ............................................ ~ 0s
  2025-09-30 07:14:30 ................................................... ~ 1s
  2025-09-30 07:14:30 ................................................... ~ 1s
  2025-09-30 07:14:30 /css/tailwind.css ................................. ~ 1s
  2025-09-30 07:14:31 /css/design-system.css ............................ ~ 0s
  2025-09-30 07:14:31 /manifest.json .................................... ~ 0s
  2025-09-30 07:15:03 /sw.js ............................................ ~ 0s
  2025-09-30 07:15:03 ................................................... ~ 0s
  2025-09-30 07:15:03 ................................................... ~ 0s
  2025-09-30 07:15:03 /css/tailwind.css ................................. ~ 0s
  2025-09-30 07:15:03 /css/design-system.css ............................ ~ 0s
  2025-09-30 07:15:03 /manifest.json .................................... ~ 0s
  2025-09-30 07:15:28 ................................................... ~ 0s
  2025-09-30 07:15:28 /js/chart.umd.js .................................. ~ 0s
  2025-09-30 07:15:28 /css/page-refresh.css ............................. ~ 0s
  2025-09-30 07:15:28 /css/loading-states.css ........................... ~ 0s
  2025-09-30 07:15:28 /css/ui-loading.css ............................... ~ 0s
  2025-09-30 07:15:28 /css/dashboard-enhanced.css ....................... ~ 0s
  2025-09-30 07:15:28 /css/tenants-enhanced.css ......................... ~ 0s
  2025-09-30 07:15:28 /js/admin-global-state.js ......................... ~ 0s
  2025-09-30 07:15:28 /js/dashboard/charts.js ........................... ~ 0s
  2025-09-30 07:15:28 /js/shared/dashboard-monitor.js ................... ~ 0s
  2025-09-30 07:15:28 /js/core/page-refresh-manager.js .................. ~ 0s
  2025-09-30 07:15:28 /js/core/page-auto-init.js ........................ ~ 0s
  2025-09-30 07:15:28 /js/shared/swr.js ................................. ~ 0s
  2025-09-30 07:15:28 /js/shared/panel-fetch.js ......................... ~ 0s
  2025-09-30 07:15:28 /js/core/soft-refresh.js .......................... ~ 0s
  2025-09-30 07:15:28 /js/shared/soft-refresh.js ........................ ~ 0s
  2025-09-30 07:15:28 /js/shared/progress.js ............................ ~ 0s
  2025-09-30 07:15:28 /js/shared/cleanup.js ............................. ~ 0s
  2025-09-30 07:15:28 ................................................... ~ 1s
  2025-09-30 07:15:29 ................................................... ~ 0s
  2025-09-30 07:15:29 ................................................... ~ 0s
  2025-09-30 07:15:29 ................................................... ~ 0s
  2025-09-30 07:15:30 /favicon.ico ...................................... ~ 0s
  2025-09-30 07:15:31 /sw.js ............................................ ~ 0s
  2025-09-30 07:15:31 ................................................... ~ 0s
  2025-09-30 07:15:31 ................................................... ~ 0s
  2025-09-30 07:15:31 /css/tailwind.css ................................. ~ 0s
  2025-09-30 07:15:31 /css/design-system.css ............................ ~ 0s
  2025-09-30 07:15:31 /manifest.json .................................... ~ 0s
  2025-09-30 07:16:08 ................................................... ~ 0s
  2025-09-30 07:16:08 /js/chart.umd.js .................................. ~ 0s
  2025-09-30 07:16:08 /css/page-refresh.css ............................. ~ 0s
  2025-09-30 07:16:08 /css/loading-states.css ........................... ~ 0s
  2025-09-30 07:16:08 /css/ui-loading.css ............................... ~ 0s
  2025-09-30 07:16:08 /css/dashboard-enhanced.css ....................... ~ 0s
  2025-09-30 07:16:08 /css/tenants-enhanced.css ......................... ~ 0s
  2025-09-30 07:16:08 /js/admin-global-state.js ......................... ~ 0s
  2025-09-30 07:16:08 /js/dashboard/charts.js ........................... ~ 0s
  2025-09-30 07:16:08 /js/shared/dashboard-monitor.js ................... ~ 0s
  2025-09-30 07:16:08 /js/core/page-refresh-manager.js .................. ~ 0s
  2025-09-30 07:16:08 /js/core/page-auto-init.js ........................ ~ 0s
  2025-09-30 07:16:08 /js/shared/swr.js ................................. ~ 0s
  2025-09-30 07:16:08 /js/shared/panel-fetch.js ......................... ~ 0s
  2025-09-30 07:16:08 /js/shared/soft-refresh.js ........................ ~ 0s
  2025-09-30 07:16:08 /js/shared/progress.js ............................ ~ 0s
  2025-09-30 07:16:08 /js/shared/cleanup.js ............................. ~ 0s
  2025-09-30 07:16:08 /js/core/soft-refresh.js .......................... ~ 0s
  2025-09-30 07:16:08 ................................................... ~ 0s
  2025-09-30 07:16:08 ................................................... ~ 0s
  2025-09-30 07:16:08 /favicon.ico ...................................... ~ 0s
  2025-09-30 07:16:08 ................................................... ~ 1s
  2025-09-30 07:16:09 ................................................... ~ 0s
  2025-09-30 07:16:11 /sw.js ............................................ ~ 0s
  2025-09-30 07:16:11 ................................................... ~ 1s
  2025-09-30 07:16:11 ................................................... ~ 1s
  2025-09-30 07:16:11 /css/tailwind.css ................................. ~ 1s
  2025-09-30 07:16:12 /css/design-system.css ............................ ~ 0s
  2025-09-30 07:16:12 /manifest.json .................................... ~ 0s
  2025-09-30 07:16:18 ................................................... ~ 0s
  2025-09-30 07:20:23 ................................................... ~ 0s
  2025-09-30 07:20:33 ................................................... ~ 0s
  2025-09-30 07:20:45 ................................................... ~ 0s
  2025-09-30 07:20:48 ................................................... ~ 1s
  2025-09-30 07:20:49 /js/chart.umd.js .................................. ~ 0s
  2025-09-30 07:20:49 /css/page-refresh.css ............................. ~ 0s
  2025-09-30 07:20:49 /css/dashboard-enhanced.css ....................... ~ 0s
  2025-09-30 07:20:49 /css/tenants-enhanced.css ......................... ~ 0s
  2025-09-30 07:20:49 /css/loading-states.css ........................... ~ 0s
  2025-09-30 07:20:49 /css/ui-loading.css ............................... ~ 0s
  2025-09-30 07:20:49 /js/admin-global-state.js ......................... ~ 0s
  2025-09-30 07:20:49 /js/dashboard/charts.js ........................... ~ 0s
  2025-09-30 07:20:49 /js/shared/dashboard-monitor.js ................... ~ 0s
  2025-09-30 07:20:49 /js/core/page-refresh-manager.js .................. ~ 0s
  2025-09-30 07:20:49 /js/core/page-auto-init.js ........................ ~ 0s
  2025-09-30 07:20:49 /js/shared/swr.js ................................. ~ 0s
  2025-09-30 07:20:49 /js/shared/panel-fetch.js ......................... ~ 0s
  2025-09-30 07:20:49 /js/shared/soft-refresh.js ........................ ~ 0s
  2025-09-30 07:20:49 /js/shared/progress.js ............................ ~ 0s
  2025-09-30 07:20:49 /js/shared/cleanup.js ............................. ~ 0s
  2025-09-30 07:20:49 /js/core/soft-refresh.js .......................... ~ 0s
  2025-09-30 07:20:49 ................................................... ~ 0s
  2025-09-30 07:20:49 /favicon.ico ...................................... ~ 0s
  2025-09-30 07:20:49 ................................................... ~ 0s
  2025-09-30 07:20:49 ................................................... ~ 0s
  2025-09-30 07:20:51 /sw.js ............................................ ~ 0s
  2025-09-30 07:20:51 ................................................... ~ 0s
  2025-09-30 07:20:51 ................................................... ~ 0s
  2025-09-30 07:20:51 /css/tailwind.css ................................. ~ 0s
  2025-09-30 07:20:51 /css/design-system.css ............................ ~ 0s
  2025-09-30 07:20:51 /manifest.json .................................... ~ 0s
  2025-09-30 07:21:03 ................................................... ~ 0s
  2025-09-30 07:21:07 ................................................... ~ 0s
  2025-09-30 07:23:46 ................................................... ~ 0s
  2025-09-30 07:23:46 /js/chart.umd.js .................................. ~ 0s
  2025-09-30 07:23:46 /css/page-refresh.css ............................. ~ 0s
  2025-09-30 07:23:46 /css/loading-states.css ........................... ~ 0s
  2025-09-30 07:23:46 /css/dashboard-enhanced.css ....................... ~ 0s
  2025-09-30 07:23:46 /css/ui-loading.css ............................... ~ 0s
  2025-09-30 07:23:46 /css/tenants-enhanced.css ......................... ~ 0s
  2025-09-30 07:23:46 /js/admin-global-state.js ......................... ~ 0s
  2025-09-30 07:23:46 /js/dashboard/charts.js ........................... ~ 0s
  2025-09-30 07:23:46 /js/shared/dashboard-monitor.js ................... ~ 0s
  2025-09-30 07:23:46 /js/core/page-refresh-manager.js .................. ~ 0s
  2025-09-30 07:23:46 /js/core/page-auto-init.js ........................ ~ 0s
  2025-09-30 07:23:46 /js/shared/swr.js ................................. ~ 0s
  2025-09-30 07:23:46 /js/shared/panel-fetch.js ......................... ~ 0s
  2025-09-30 07:23:46 /js/shared/soft-refresh.js ........................ ~ 0s
  2025-09-30 07:23:46 /js/shared/progress.js ............................ ~ 0s
  2025-09-30 07:23:46 /js/shared/cleanup.js ............................. ~ 0s
  2025-09-30 07:23:47 /js/core/soft-refresh.js .......................... ~ 0s
  2025-09-30 07:23:47 ................................................... ~ 0s
  2025-09-30 07:23:47 /favicon.ico ...................................... ~ 0s
  2025-09-30 07:23:47 ................................................... ~ 0s
  2025-09-30 07:23:47 ................................................... ~ 0s
  2025-09-30 07:23:48 /sw.js ............................................ ~ 0s
  2025-09-30 07:23:48 ................................................... ~ 1s
  2025-09-30 07:23:48 ................................................... ~ 1s
  2025-09-30 07:23:49 /css/tailwind.css ................................. ~ 0s
  2025-09-30 07:23:49 /css/design-system.css ............................ ~ 0s
  2025-09-30 07:23:49 /manifest.json .................................... ~ 0s
  2025-09-30 07:23:49 /favicon.ico ...................................... ~ 0s
  2025-09-30 07:23:49 /sw.js ............................................ ~ 2s
  2025-09-30 07:23:51 ................................................... ~ 0s
  2025-09-30 07:23:51 ................................................... ~ 0s
  2025-09-30 07:23:51 /css/tailwind.css ................................. ~ 0s
  2025-09-30 07:23:51 /css/design-system.css ............................ ~ 0s
  2025-09-30 07:23:51 /manifest.json .................................... ~ 0s
  2025-09-30 07:29:29 ................................................... ~ 0s
  2025-09-30 07:29:31 ................................................... ~ 1s
  2025-09-30 07:29:32 /js/chart.umd.js .................................. ~ 0s
  2025-09-30 07:29:32 /css/page-refresh.css ............................. ~ 0s
  2025-09-30 07:29:32 /css/dashboard-enhanced.css ....................... ~ 0s
  2025-09-30 07:29:32 /css/tenants-enhanced.css ......................... ~ 0s
  2025-09-30 07:29:32 /css/loading-states.css ........................... ~ 0s
  2025-09-30 07:29:32 /css/ui-loading.css ............................... ~ 0s
  2025-09-30 07:29:32 /js/admin-global-state.js ......................... ~ 0s
  2025-09-30 07:29:32 /js/dashboard/charts.js ........................... ~ 0s
  2025-09-30 07:29:32 /js/shared/dashboard-monitor.js ................... ~ 0s
  2025-09-30 07:29:32 /js/core/page-refresh-manager.js .................. ~ 0s
  2025-09-30 07:29:32 /js/core/page-auto-init.js ........................ ~ 0s
  2025-09-30 07:29:32 /js/shared/swr.js ................................. ~ 0s
  2025-09-30 07:29:32 /js/shared/panel-fetch.js ......................... ~ 0s
  2025-09-30 07:29:32 /js/shared/soft-refresh.js ........................ ~ 0s
  2025-09-30 07:29:32 /js/shared/progress.js ............................ ~ 0s
  2025-09-30 07:29:32 /js/shared/cleanup.js ............................. ~ 0s
  2025-09-30 07:29:32 /js/core/soft-refresh.js .......................... ~ 0s
  2025-09-30 07:29:32 ................................................... ~ 0s
  2025-09-30 07:29:32 /favicon.ico ...................................... ~ 0s
  2025-09-30 07:29:32 ................................................... ~ 0s
  2025-09-30 07:29:32 ................................................... ~ 0s
  2025-09-30 07:29:32 ................................................... ~ 0s
  2025-09-30 07:29:33 /sw.js ............................................ ~ 0s
  2025-09-30 07:29:33 ................................................... ~ 1s
  2025-09-30 07:29:33 ................................................... ~ 1s
  2025-09-30 07:29:33 /css/tailwind.css ................................. ~ 1s
  2025-09-30 07:29:34 /css/design-system.css ............................ ~ 0s
  2025-09-30 07:29:34 .................................................. ~ 39s
  2025-09-30 07:30:13 /js/chart.umd.js .................................. ~ 0s
  2025-09-30 07:30:13 /css/page-refresh.css ............................. ~ 0s
  2025-09-30 07:30:13 /css/loading-states.css ........................... ~ 0s
  2025-09-30 07:30:13 /css/ui-loading.css ............................... ~ 0s
  2025-09-30 07:30:13 /css/dashboard-enhanced.css ....................... ~ 0s
  2025-09-30 07:30:13 /css/tenants-enhanced.css ......................... ~ 0s
  2025-09-30 07:30:13 /js/admin-global-state.js ......................... ~ 0s
  2025-09-30 07:30:13 /js/dashboard/charts.js ........................... ~ 0s
  2025-09-30 07:30:13 /js/shared/dashboard-monitor.js ................... ~ 0s
  2025-09-30 07:30:13 /js/core/page-refresh-manager.js .................. ~ 0s
  2025-09-30 07:30:13 /js/core/page-auto-init.js ........................ ~ 0s
  2025-09-30 07:30:13 /js/shared/swr.js ................................. ~ 0s
  2025-09-30 07:30:13 /js/shared/panel-fetch.js ......................... ~ 0s
  2025-09-30 07:30:13 /js/shared/soft-refresh.js ........................ ~ 0s
  2025-09-30 07:30:13 /js/shared/progress.js ............................ ~ 0s
  2025-09-30 07:30:13 /js/shared/cleanup.js ............................. ~ 0s
  2025-09-30 07:30:13 /js/core/soft-refresh.js .......................... ~ 0s
  2025-09-30 07:30:13 ................................................... ~ 0s
  2025-09-30 07:30:13 ................................................... ~ 0s
  2025-09-30 07:30:13 /favicon.ico ...................................... ~ 0s
  2025-09-30 07:30:13 ................................................... ~ 0s
  2025-09-30 07:30:13 ................................................... ~ 0s
  2025-09-30 07:30:14 /sw.js ............................................ ~ 0s
  2025-09-30 07:30:14 ................................................... ~ 1s
  2025-09-30 07:30:14 ................................................... ~ 1s
  2025-09-30 07:30:14 /css/tailwind.css ................................. ~ 1s
  2025-09-30 07:30:15 /css/design-system.css ............................ ~ 0s
  2025-09-30 07:30:15 ................................................. ~ 124s
  2025-09-30 07:32:19 ................................................... ~ 0s
